DEBUG     Checking PHPLS_ALLOW_XDEBUG
DEBUG     The xdebug extension is not loaded

[Info  - 11:15:50 PM] 6063 files total
[Info  - 11:15:50 PM] Indexing project for definitions and static references
Parsing file:///var/www/1_experiments/yajra-demo-app/bootstrap/cache/packages.php
Parsing file:///var/www/1_experiments/yajra-demo-app/bootstrap/cache/services.php
Parsing file:///var/www/1_experiments/yajra-demo-app/bootstrap/app.php
Parsing file:///var/www/1_experiments/yajra-demo-app/database/seeds/DatabaseSeeder.php
Parsing file:///var/www/1_experiments/yajra-demo-app/database/migrations/2019_08_19_000000_create_failed_jobs_table.php
Parsing file:///var/www/1_experiments/yajra-demo-app/database/migrations/2014_10_12_000000_create_users_table.php
Parsing file:///var/www/1_experiments/yajra-demo-app/database/factories/UserFactory.php
Parsing file:///var/www/1_experiments/yajra-demo-app/routes/web.php
Parsing file:///var/www/1_experiments/yajra-demo-app/routes/channels.php
Parsing file:///var/www/1_experiments/yajra-demo-app/routes/console.php
Parsing file:///var/www/1_experiments/yajra-demo-app/routes/api.php
Parsing file:///var/www/1_experiments/yajra-demo-app/tests/Feature/ExampleTest.php
Parsing file:///var/www/1_experiments/yajra-demo-app/tests/CreatesApplication.php
Parsing file:///var/www/1_experiments/yajra-demo-app/tests/Unit/ExampleTest.php
Parsing file:///var/www/1_experiments/yajra-demo-app/tests/TestCase.php
Parsing file:///var/www/1_experiments/yajra-demo-app/server.php
Parsing file:///var/www/1_experiments/yajra-demo-app/storage/framework/views/56e2185230dd9c4765714aee32c1de8aa7c61b3c.php
Parsing file:///var/www/1_experiments/yajra-demo-app/config/hashing.php
Parsing file:///var/www/1_experiments/yajra-demo-app/config/view.php
Parsing file:///var/www/1_experiments/yajra-demo-app/config/services.php
Parsing file:///var/www/1_experiments/yajra-demo-app/config/mail.php
Parsing file:///var/www/1_experiments/yajra-demo-app/config/queue.php
Parsing file:///var/www/1_experiments/yajra-demo-app/config/database.php
Parsing file:///var/www/1_experiments/yajra-demo-app/config/cache.php
Parsing file:///var/www/1_experiments/yajra-demo-app/config/logging.php
Parsing file:///var/www/1_experiments/yajra-demo-app/config/broadcasting.php
Parsing file:///var/www/1_experiments/yajra-demo-app/config/auth.php
Parsing file:///var/www/1_experiments/yajra-demo-app/config/app.php
Parsing file:///var/www/1_experiments/yajra-demo-app/config/cors.php
Parsing file:///var/www/1_experiments/yajra-demo-app/config/filesystems.php
Parsing file:///var/www/1_experiments/yajra-demo-app/config/session.php
Parsing file:///var/www/1_experiments/yajra-demo-app/resources/lang/en/passwords.php
Parsing file:///var/www/1_experiments/yajra-demo-app/resources/lang/en/validation.php
Parsing file:///var/www/1_experiments/yajra-demo-app/resources/lang/en/pagination.php
Parsing file:///var/www/1_experiments/yajra-demo-app/resources/lang/en/auth.php
Parsing file:///var/www/1_experiments/yajra-demo-app/resources/views/welcome.blade.php
Parsing file:///var/www/1_experiments/yajra-demo-app/app/Console/Kernel.php
Parsing file:///var/www/1_experiments/yajra-demo-app/app/Providers/BroadcastServiceProvider.php
Parsing file:///var/www/1_experiments/yajra-demo-app/app/Providers/EventServiceProvider.php
Parsing file:///var/www/1_experiments/yajra-demo-app/app/Providers/RouteServiceProvider.php
Parsing file:///var/www/1_experiments/yajra-demo-app/app/Providers/AuthServiceProvider.php
Parsing file:///var/www/1_experiments/yajra-demo-app/app/Http/Kernel.php
Parsing file:///var/www/1_experiments/yajra-demo-app/app/Http/Middleware/CheckForMaintenanceMode.php
Parsing file:///var/www/1_experiments/yajra-demo-app/app/Http/Middleware/TrustProxies.php
Parsing file:///var/www/1_experiments/yajra-demo-app/app/Http/Middleware/Authenticate.php
Parsing file:///var/www/1_experiments/yajra-demo-app/app/Http/Middleware/EncryptCookies.php
Parsing file:///var/www/1_experiments/yajra-demo-app/app/Http/Middleware/TrimStrings.php
Parsing file:///var/www/1_experiments/yajra-demo-app/app/Http/Middleware/RedirectIfAuthenticated.php
Parsing file:///var/www/1_experiments/yajra-demo-app/app/Http/Middleware/TrustHosts.php
Parsing file:///var/www/1_experiments/yajra-demo-app/app/Http/Middleware/VerifyCsrfToken.php
Parsing file:///var/www/1_experiments/yajra-demo-app/app/Http/Controllers/Controller.php
Parsing file:///var/www/1_experiments/yajra-demo-app/app/User.php
Parsing file:///var/www/1_experiments/yajra-demo-app/app/Exceptions/Handler.php
Parsing file:///var/www/1_experiments/yajra-demo-app/vendor/autoload.php
Parsing file:///var/www/1_experiments/yajra-demo-app/vendor/composer/autoload_files.php
Parsing file:///var/www/1_experiments/yajra-demo-app/vendor/composer/autoload_psr4.php
Parsing file:///var/www/1_experiments/yajra-demo-app/vendor/composer/autoload_namespaces.php
Parsing file:///var/www/1_experiments/yajra-demo-app/vendor/composer/ClassLoader.php
Parsing file:///var/www/1_experiments/yajra-demo-app/vendor/composer/autoload_classmap.php
[Info  - 11:15:50 PM] Ignoring file file:///var/www/1_experiments/yajra-demo-app/vendor/composer/autoload_classmap.php because it exceeds size limit of 150000 bytes (546955)
Parsing file:///var/www/1_experiments/yajra-demo-app/vendor/composer/autoload_real.php
Parsing file:///var/www/1_experiments/yajra-demo-app/vendor/composer/autoload_static.php
[Info  - 11:15:51 PM] Ignoring file file:///var/www/1_experiments/yajra-demo-app/vendor/composer/autoload_static.php because it exceeds size limit of 150000 bytes (604025)
Parsing file:///var/www/1_experiments/yajra-demo-app/public/index.php
[Info  - 11:15:51 PM] Indexing project for dynamic references
Parsing file:///var/www/1_experiments/yajra-demo-app/bootstrap/cache/packages.php
Parsing file:///var/www/1_experiments/yajra-demo-app/bootstrap/cache/services.php
Parsing file:///var/www/1_experiments/yajra-demo-app/bootstrap/app.php
Parsing file:///var/www/1_experiments/yajra-demo-app/database/seeds/DatabaseSeeder.php
Parsing file:///var/www/1_experiments/yajra-demo-app/database/migrations/2019_08_19_000000_create_failed_jobs_table.php
Parsing file:///var/www/1_experiments/yajra-demo-app/database/migrations/2014_10_12_000000_create_users_table.php
Parsing file:///var/www/1_experiments/yajra-demo-app/database/factories/UserFactory.php
Parsing file:///var/www/1_experiments/yajra-demo-app/routes/web.php
Parsing file:///var/www/1_experiments/yajra-demo-app/routes/channels.php
Parsing file:///var/www/1_experiments/yajra-demo-app/routes/console.php
Parsing file:///var/www/1_experiments/yajra-demo-app/routes/api.php
Parsing file:///var/www/1_experiments/yajra-demo-app/tests/Feature/ExampleTest.php
Parsing file:///var/www/1_experiments/yajra-demo-app/tests/CreatesApplication.php
Parsing file:///var/www/1_experiments/yajra-demo-app/tests/Unit/ExampleTest.php
Parsing file:///var/www/1_experiments/yajra-demo-app/tests/TestCase.php
Parsing file:///var/www/1_experiments/yajra-demo-app/server.php
Parsing file:///var/www/1_experiments/yajra-demo-app/storage/framework/views/56e2185230dd9c4765714aee32c1de8aa7c61b3c.php
Parsing file:///var/www/1_experiments/yajra-demo-app/config/hashing.php
Parsing file:///var/www/1_experiments/yajra-demo-app/config/view.php
Parsing file:///var/www/1_experiments/yajra-demo-app/config/services.php
Parsing file:///var/www/1_experiments/yajra-demo-app/config/mail.php
Parsing file:///var/www/1_experiments/yajra-demo-app/config/queue.php
Parsing file:///var/www/1_experiments/yajra-demo-app/config/database.php
Parsing file:///var/www/1_experiments/yajra-demo-app/config/cache.php
Parsing file:///var/www/1_experiments/yajra-demo-app/config/logging.php
Parsing file:///var/www/1_experiments/yajra-demo-app/config/broadcasting.php
Parsing file:///var/www/1_experiments/yajra-demo-app/config/auth.php
Parsing file:///var/www/1_experiments/yajra-demo-app/config/app.php
Parsing file:///var/www/1_experiments/yajra-demo-app/config/cors.php
Parsing file:///var/www/1_experiments/yajra-demo-app/config/filesystems.php
Parsing file:///var/www/1_experiments/yajra-demo-app/config/session.php
Parsing file:///var/www/1_experiments/yajra-demo-app/resources/lang/en/passwords.php
Parsing file:///var/www/1_experiments/yajra-demo-app/resources/lang/en/validation.php
Parsing file:///var/www/1_experiments/yajra-demo-app/resources/lang/en/pagination.php
Parsing file:///var/www/1_experiments/yajra-demo-app/resources/lang/en/auth.php
Parsing file:///var/www/1_experiments/yajra-demo-app/resources/views/welcome.blade.php
Parsing file:///var/www/1_experiments/yajra-demo-app/app/Console/Kernel.php
Parsing file:///var/www/1_experiments/yajra-demo-app/app/Providers/BroadcastServiceProvider.php
Parsing file:///var/www/1_experiments/yajra-demo-app/app/Providers/EventServiceProvider.php
Parsing file:///var/www/1_experiments/yajra-demo-app/app/Providers/RouteServiceProvider.php
Parsing file:///var/www/1_experiments/yajra-demo-app/app/Providers/AuthServiceProvider.php
Parsing file:///var/www/1_experiments/yajra-demo-app/app/Http/Kernel.php
Parsing file:///var/www/1_experiments/yajra-demo-app/app/Http/Middleware/CheckForMaintenanceMode.php
Parsing file:///var/www/1_experiments/yajra-demo-app/app/Http/Middleware/TrustProxies.php
Parsing file:///var/www/1_experiments/yajra-demo-app/app/Http/Middleware/Authenticate.php
Parsing file:///var/www/1_experiments/yajra-demo-app/app/Http/Middleware/EncryptCookies.php
Parsing file:///var/www/1_experiments/yajra-demo-app/app/Http/Middleware/TrimStrings.php
Parsing file:///var/www/1_experiments/yajra-demo-app/app/Http/Middleware/RedirectIfAuthenticated.php
Parsing file:///var/www/1_experiments/yajra-demo-app/app/Http/Middleware/TrustHosts.php
Parsing file:///var/www/1_experiments/yajra-demo-app/app/Http/Middleware/VerifyCsrfToken.php
Parsing file:///var/www/1_experiments/yajra-demo-app/app/Http/Controllers/Controller.php
Parsing file:///var/www/1_experiments/yajra-demo-app/app/User.php
Parsing file:///var/www/1_experiments/yajra-demo-app/app/Exceptions/Handler.php
Parsing file:///var/www/1_experiments/yajra-demo-app/vendor/autoload.php
Parsing file:///var/www/1_experiments/yajra-demo-app/vendor/composer/autoload_files.php
Parsing file:///var/www/1_experiments/yajra-demo-app/vendor/composer/autoload_psr4.php
Parsing file:///var/www/1_experiments/yajra-demo-app/vendor/composer/autoload_namespaces.php
Parsing file:///var/www/1_experiments/yajra-demo-app/vendor/composer/ClassLoader.php
Parsing file:///var/www/1_experiments/yajra-demo-app/vendor/composer/autoload_classmap.php
[Info  - 11:15:51 PM] Ignoring file file:///var/www/1_experiments/yajra-demo-app/vendor/composer/autoload_classmap.php because it exceeds size limit of 150000 bytes (546955)
Parsing file:///var/www/1_experiments/yajra-demo-app/vendor/composer/autoload_real.php
Parsing file:///var/www/1_experiments/yajra-demo-app/vendor/composer/autoload_static.php
[Info  - 11:15:51 PM] Ignoring file file:///var/www/1_experiments/yajra-demo-app/vendor/composer/autoload_static.php because it exceeds size limit of 150000 bytes (604025)
Parsing file:///var/www/1_experiments/yajra-demo-app/public/index.php
[Info  - 11:15:51 PM] 99 Packages
[Info  - 11:15:51 PM] Restored brick/math:0.8.15 from cache
[Info  - 11:15:51 PM] Restored phpunit/phpunit:8.5.8 from cache
[Info  - 11:15:51 PM] Restored phpunit/php-text-template:1.2.1 from cache
[Info  - 11:15:51 PM] Restored phpunit/php-timer:2.1.2 from cache
[Info  - 11:15:51 PM] Restored phpunit/php-token-stream:3.1.1 from cache
[Info  - 11:15:51 PM] Restored phpunit/php-code-coverage:7.0.10 from cache
[Info  - 11:15:51 PM] Restored phpunit/php-file-iterator:2.0.2 from cache
[Info  - 11:15:51 PM] Restored ramsey/collection:1.0.1 from cache
[Info  - 11:15:51 PM] Restored ramsey/uuid:4.0.1 from cache
[Info  - 11:15:51 PM] Restored theseer/tokenizer:1.2.0 from cache
[Info  - 11:15:51 PM] Restored filp/whoops:2.7.3 from cache
[Info  - 11:15:51 PM] Restored psr/event-dispatcher:1.0.0 from cache
[Info  - 11:15:51 PM] Restored psr/simple-cache:1.0.1 from cache
[Info  - 11:15:51 PM] Restored psr/container:1.0.0 from cache
[Info  - 11:15:51 PM] Restored psr/http-message:1.0.1 from cache
[Info  - 11:15:51 PM] Restored psr/log:1.1.3 from cache
[Info  - 11:15:51 PM] Restored nesbot/carbon:2.36.1 from cache
[Info  - 11:15:51 PM] Restored paragonie/random_compat:9.99.99 from cache
[Info  - 11:15:51 PM] Restored nikic/php-parser:4.6.0 from cache
[Info  - 11:15:51 PM] Restored mockery/mockery:1.4.1 from cache
[Info  - 11:15:51 PM] Restored fideloper/proxy:4.4.0 from cache
[Info  - 11:15:51 PM] Restored facade/flare-client-php:1.3.4 from cache
[Info  - 11:15:51 PM] Restored facade/ignition-contracts:1.0.1 from cache
[Info  - 11:15:51 PM] Restored facade/ignition:2.3.3 from cache
[Info  - 11:15:51 PM] Restored fruitcake/laravel-cors:1.0.6 from cache
[Info  - 11:15:51 PM] Restored egulias/email-validator:2.1.18 from cache
[Info  - 11:15:51 PM] Restored vlucas/phpdotenv:4.1.8 from cache
[Info  - 11:15:52 PM] Restored fzaninotto/faker:1.9.1 from cache
[Info  - 11:15:52 PM] Restored league/commonmark:1.5.3 from cache
[Info  - 11:15:52 PM] Restored league/flysystem:1.0.69 from cache
[Info  - 11:15:52 PM] Restored tijsverkoyen/css-to-inline-styles:2.2.3 from cache
[Info  - 11:15:52 PM] Restored phpoption/phpoption:1.7.5 from cache
[Info  - 11:15:52 PM] Restored hamcrest/hamcrest-php:2.0.1 from cache
[Info  - 11:15:52 PM] Restored nunomaduro/collision:4.2.0 from cache
[Info  - 11:15:52 PM] Restored psy/psysh:0.10.4 from cache
[Info  - 11:15:52 PM] Restored opis/closure:3.5.5 from cache
[Info  - 11:15:52 PM] Restored voku/portable-ascii:1.5.2 from cache
[Info  - 11:15:52 PM] Restored myclabs/deep-copy:1.10.1 from cache
[Info  - 11:15:52 PM] Restored dragonmantank/cron-expression:2.3.0 from cache
[Info  - 11:15:52 PM] Restored swiftmailer/swiftmailer:6.2.3 from cache
[Info  - 11:15:52 PM] Restored webmozart/assert:1.9.1 from cache
[Info  - 11:15:52 PM] Restored phpspec/prophecy:1.11.1 from cache
[Info  - 11:15:52 PM] Restored asm89/stack-cors:1.3.0 from cache
[Info  - 11:15:52 PM] Restored sebastian/resource-operations:2.0.1 from cache
[Info  - 11:15:52 PM] Restored sebastian/environment:4.2.3 from cache
[Info  - 11:15:52 PM] Restored sebastian/object-reflector:1.1.1 from cache
[Info  - 11:15:52 PM] Restored sebastian/comparator:3.0.2 from cache
[Info  - 11:15:52 PM] Restored sebastian/recursion-context:3.0.0 from cache
[Info  - 11:15:52 PM] Restored sebastian/global-state:3.0.0 from cache
[Info  - 11:15:52 PM] Restored sebastian/type:1.1.3 from cache
[Info  - 11:15:52 PM] Restored sebastian/code-unit-reverse-lookup:1.0.1 from cache
[Info  - 11:15:52 PM] Restored sebastian/version:2.0.1 from cache
[Info  - 11:15:52 PM] Restored sebastian/exporter:3.1.2 from cache
[Info  - 11:15:52 PM] Restored sebastian/diff:3.0.2 from cache
[Info  - 11:15:52 PM] Restored sebastian/object-enumerator:3.0.3 from cache
[Info  - 11:15:52 PM] Restored phpdocumentor/reflection-common:2.2.0 from cache
[Info  - 11:15:52 PM] Restored phpdocumentor/type-resolver:1.3.0 from cache
[Info  - 11:15:52 PM] Restored phpdocumentor/reflection-docblock:5.2.0 from cache
[Info  - 11:15:53 PM] Restored laravel/tinker:2.4.1 from cache
[Info  - 11:15:53 PM] Restored laravel/framework:7.21.0 from cache
[Info  - 11:15:53 PM] Restored symfony/polyfill-intl-normalizer:1.18.0 from cache
[Info  - 11:15:53 PM] Restored symfony/event-dispatcher:5.1.2 from cache
[Info  - 11:15:53 PM] Restored symfony/routing:5.1.2 from cache
[Info  - 11:15:53 PM] Restored symfony/translation:5.1.2 from cache
[Info  - 11:15:53 PM] Restored symfony/polyfill-mbstring:1.18.0 from cache
[Info  - 11:15:53 PM] Restored symfony/polyfill-php80:1.18.0 from cache
[Info  - 11:15:53 PM] Restored symfony/var-dumper:5.1.2 from cache
[Info  - 11:15:53 PM] Restored symfony/polyfill-ctype:1.18.0 from cache
[Info  - 11:15:53 PM] Restored symfony/http-foundation:5.1.2 from cache
[Info  - 11:15:53 PM] Restored symfony/polyfill-intl-grapheme:1.18.0 from cache
[Info  - 11:15:53 PM] Restored symfony/css-selector:5.1.2 from cache
[Info  - 11:15:53 PM] Restored symfony/polyfill-intl-idn:1.18.0 from cache
[Info  - 11:15:53 PM] Restored symfony/translation-contracts:2.1.3 from cache
[Info  - 11:15:53 PM] Restored symfony/process:5.1.2 from cache
[Info  - 11:15:53 PM] Restored symfony/deprecation-contracts:2.1.3 from cache
[Info  - 11:15:53 PM] Restored symfony/service-contracts:2.1.3 from cache
[Info  - 11:15:53 PM] Restored symfony/polyfill-php73:1.18.0 from cache
[Info  - 11:15:53 PM] Restored symfony/http-kernel:5.1.2 from cache
[Info  - 11:15:53 PM] Restored symfony/finder:5.1.2 from cache
[Info  - 11:15:53 PM] Restored symfony/event-dispatcher-contracts:2.1.3 from cache
[Info  - 11:15:53 PM] Restored symfony/polyfill-iconv:1.18.0 from cache
[Info  - 11:15:53 PM] Restored symfony/console:5.1.2 from cache
[Info  - 11:15:53 PM] Restored symfony/mime:5.1.2 from cache
[Info  - 11:15:53 PM] Restored symfony/string:5.1.2 from cache
[Info  - 11:15:53 PM] Restored symfony/error-handler:5.1.2 from cache
[Info  - 11:15:53 PM] Restored symfony/polyfill-php72:1.18.0 from cache
[Info  - 11:15:53 PM] Restored symfony/polyfill-php70:1.18.0 from cache
[Info  - 11:15:53 PM] Restored dnoegel/php-xdg-base-dir:0.1.1 from cache
[Info  - 11:15:53 PM] Restored scrivo/highlight.php:9.18.1.1 from cache
[Info  - 11:15:53 PM] Restored phar-io/manifest:1.0.3 from cache
[Info  - 11:15:53 PM] Restored phar-io/version:2.0.1 from cache
[Info  - 11:15:53 PM] Restored ralouphie/getallheaders:3.0.3 from cache
[Info  - 11:15:53 PM] Restored doctrine/lexer:1.2.1 from cache
[Info  - 11:15:53 PM] Restored doctrine/instantiator:1.3.1 from cache
[Info  - 11:15:53 PM] Restored doctrine/inflector:2.0.3 from cache
[Info  - 11:15:53 PM] Restored guzzlehttp/promises:1.3.1 from cache
[Info  - 11:15:53 PM] Restored guzzlehttp/guzzle:6.5.5 from cache
[Info  - 11:15:53 PM] Restored guzzlehttp/psr7:1.6.1 from cache
[Info  - 11:15:53 PM] Restored monolog/monolog:2.1.0 from cache
[Info  - 11:15:53 PM] All 6063 PHP files parsed in 2 seconds. 385 MiB allocated.
